[23:03:59] [ServerMain/INFO]: Environment: authHost='https://authserver.mojang.com', accountsHost='https://api.mojang.com', sessionHost='https://sessionserver.mojang.com', servicesHost='https://api.minecraftservices.com', name='PROD'
[23:03:59] [ServerMain/INFO]: Found new data pack file/bukkit, loading it automatically
[23:04:02] [ServerMain/INFO]: Loaded 7 recipes
[23:04:03] [Server thread/INFO]: Starting minecraft server version 1.20.1
[23:04:03] [Server thread/INFO]: Loading properties
[23:04:03] [Server thread/INFO]: This server is running Paper version git-Paper-196 (MC: 1.20.1) (Implementing API version 1.20.1-R0.1-SNAPSHOT) (Git: 773dd72)
[23:04:03] [Server thread/INFO]: Server Ping Player Sample Count: 12
[23:04:03] [Server thread/INFO]: Using 4 threads for Netty based IO
[23:04:03] [Server thread/WARN]: [!] The timings profiler has been enabled but has been scheduled for removal from Paper in the future.
    We recommend installing the spark profiler as a replacement: https://spark.lucko.me/
    For more information please visit: https://github.com/PaperMC/Paper/issues/8948
[23:04:03] [Server thread/INFO]: [ChunkTaskScheduler] Chunk system is using 1 I/O threads, 1 worker threads, and gen parallelism of 1 threads
[23:04:04] [Server thread/INFO]: Default game type: SURVIVAL
[23:04:04] [Server thread/INFO]: Generating keypair
[23:04:04] [Server thread/INFO]: Starting Minecraft server on *:25565
[23:04:04] [Server thread/INFO]: Using epoll channel type
[23:04:04] [Server thread/INFO]: Paper: Using libdeflate (Linux x86_64) compression from Velocity.
[23:04:04] [Server thread/INFO]: Paper: Using OpenSSL 3.0.x (Linux x86_64) cipher from Velocity.
[23:04:04] [Server thread/INFO]: [Permadeath] Loading server plugin Permadeath v1.3
[23:04:04] [Server thread/INFO]: [TerraformGenerator] Loading server plugin TerraformGenerator v20.2.0
[23:04:04] [Server thread/INFO]: [SkinsRestorer] Loading server plugin SkinsRestorer v15.7.7
[23:04:04] [Server thread/INFO]: Server permissions file permissions.yml is empty, ignoring it
[23:04:04] [Server thread/INFO]: [Permadeath] Enabling Permadeath v1.3
[23:04:04] [Server thread/INFO]: [TerraformGenerator] Enabling TerraformGenerator v20.2.0
[23:04:05] [Server thread/INFO]: [TerraformGenerator] Custom Logger Initialized
[23:04:05] [Server thread/INFO]: [TerraformGenerator] bStats Metrics enabled.
[23:04:05] [Server thread/INFO]: [TerraformGenerator] Detected version: 1.20.1, number: 20.1
[23:04:05] [Server thread/INFO]: [SkinsRestorer] Enabling SkinsRestorer v15.7.7
[23:04:07] [Server thread/INFO]: [SkinsRestorer] Running on Minecraft 1.20.1.
[23:04:07] [Server thread/INFO]: [SkinsRestorer] Using paper join listener!
[23:04:07] [Server thread/WARN]: [SkinsRestorer] Please update your Java runtime to at least Java 21 (your version is 17).
[23:04:07] [Server thread/WARN]: [SkinsRestorer] At some point in the future, SkinsRestorer will no longer be compatible with this version of Java.
[23:04:07] [Server thread/WARN]: **** SERVER IS RUNNING IN OFFLINE/INSECURE MODE!
[23:04:07] [Server thread/WARN]: The server will make no attempt to authenticate usernames. Beware.
[23:04:07] [Server thread/WARN]: While this makes the game possible to play without internet access, it also opens up the ability for hackers to connect with any username they choose.
[23:04:07] [Server thread/WARN]: To change this, set "online-mode" to "true" in the server.properties file.
[23:04:07] [Server thread/INFO]: Preparing level "world"
[23:04:07] [Server thread/ERROR]: Could not set generator for default world 'world': Plugin 'TerraformGeneratorS' does not exist
[23:04:07] [Folia Async Scheduler Thread #1/INFO]: [SkinsRestorer] ----------------------------------------------
[23:04:07] [Folia Async Scheduler Thread #1/INFO]: [SkinsRestorer]     +==================+
[23:04:07] [Folia Async Scheduler Thread #1/INFO]: [SkinsRestorer]     |   SkinsRestorer  |
[23:04:07] [Folia Async Scheduler Thread #1/INFO]: [SkinsRestorer]     |------------------|
[23:04:07] [Folia Async Scheduler Thread #1/INFO]: [SkinsRestorer]     |  Standalone Mode |
[23:04:07] [Folia Async Scheduler Thread #1/INFO]: [SkinsRestorer]     +==================+
[23:04:07] [Folia Async Scheduler Thread #1/INFO]: [SkinsRestorer] ----------------------------------------------
[23:04:07] [Folia Async Scheduler Thread #1/INFO]: [SkinsRestorer]     Version: 15.7.7
[23:04:07] [Folia Async Scheduler Thread #1/INFO]: [SkinsRestorer]     Commit: 7eff058
[23:04:07] [Folia Async Scheduler Thread #1/INFO]: [SkinsRestorer]     This is the latest version!
[23:04:07] [Folia Async Scheduler Thread #1/INFO]: [SkinsRestorer] ----------------------------------------------
[23:04:07] [Folia Async Scheduler Thread #1/INFO]: [SkinsRestorer] Do you have issues? Read our troubleshooting guide: https://skinsrestorer.net/docs/troubleshooting
[23:04:07] [Folia Async Scheduler Thread #1/INFO]: [SkinsRestorer] Want to support SkinsRestorer? Consider donating: https://skinsrestorer.net/donate
[23:04:16] [Server thread/INFO]: Preparing start region for dimension minecraft:overworld
[23:04:17] [Server thread/INFO]: Time elapsed: 129 ms
[23:04:17] [Server thread/INFO]: Preparing start region for dimension minecraft:the_nether
[23:04:17] [Server thread/INFO]: Time elapsed: 89 ms
[23:04:17] [Server thread/INFO]: Preparing start region for dimension minecraft:the_end
[23:04:17] [Server thread/INFO]: Time elapsed: 98 ms
[23:04:17] [Server thread/INFO]: Running delayed init tasks
[23:04:17] [Server thread/INFO]: Permadeath ➤ No se ha encontrado una librería JDA, deberás instalar una en caso de querer utilizar un bot de Discord.
[23:04:17] [Server thread/INFO]: Descarga aquí: https://www.spigotmc.org/resources/permadeath-%E2%98%A0%EF%B8%8F.112343/
[23:04:17] [Server thread/INFO]: Si no puedes descargarlo allí, únete a este Discord y te daremos acceso al enlace: https://discord.gg/8evPbuxPke
[23:04:17] [Server thread/INFO]: ------------------------------------------
[23:04:17] [Server thread/INFO]:              PERMADEATH
[23:04:17] [Server thread/INFO]:      - Versión: 1.3
[23:04:17] [Server thread/INFO]:      - Versión del Servidor: v1.20
[23:04:17] [Server thread/INFO]: ------------------------------------------
[23:04:17] [Server thread/INFO]:  >> INFORME DE ESTADO
[23:04:17] [Server thread/INFO]: > Estado de mundos: Overworld: world End: world_the_end
[23:04:17] [Server thread/INFO]:     > End: world_the_end
[23:04:17] [Server thread/INFO]:     > Overworld: world
[23:04:17] [Server thread/INFO]: > Estado de Compatibilidad: Compatible
[23:04:17] [Server thread/INFO]: > Software: PaperMC (Compatible)
[23:04:17] [Server thread/INFO]: > Cambios:
[23:04:17] [Server thread/INFO]: >   Días disponibles: 1-60
[23:04:17] [Server thread/INFO]: > ADVERTENCIA: No se ha encontrado el plugin World Edit
[23:04:17] [Server thread/INFO]: > Algunas funciones pueden no funcionar correctamente. Ten en cuenta que las estructuras de The Beginning no podrán ser generadas en días avanzados.
[23:04:17] [Server thread/INFO]: Done (14.484s)! For help, type "help"
[23:04:17] [Server thread/INFO]: Timings Reset
[23:04:17] [Craft Scheduler Thread - 3 - Permadeath/INFO]: Permadeath ➤ Versión del plugin: Versión más reciente instalada.
[23:04:23] [User Authenticator #0/INFO]: UUID of player ANGEL3708 is 847aa0db-7418-3920-bd52-99d0d0e8af31
[23:04:24] [Server thread/INFO]: ANGEL3708 se ha unido al servidor.
[23:04:24] [Server thread/INFO]: ANGEL3708[/127.147.242.83:54955] logged in with entity id 65 at ([world]12.5, 101.0, 10.5)
[23:05:27] [Server thread/INFO]: ANGEL3708 lost connection: Disconnected
[23:05:27] [Server thread/INFO]: ANGEL3708 ha abandonado el servidor.
[23:05:31] [Server thread/INFO]: Stopping the server
[23:05:31] [Server thread/INFO]: Stopping server
[23:05:31] [Server thread/INFO]: [SkinsRestorer] Disabling SkinsRestorer v15.7.7
[23:05:31] [Server thread/INFO]: [TerraformGenerator] Disabling TerraformGenerator v20.2.0
[23:05:31] [Server thread/INFO]: [Permadeath] Disabling Permadeath v1.3
[23:05:31] [Server thread/INFO]: ------------------------------------------
[23:05:31] [Server thread/INFO]:              PERMADEATH
[23:05:31] [Server thread/INFO]:      - Desactivando el Plugin.
[23:05:31] [Server thread/INFO]: ------------------------------------------
[23:05:31] [Server thread/INFO]: Saving players
[23:05:31] [Server thread/INFO]: Saving worlds
[23:05:31] [Server thread/INFO]: Saving chunks for level 'ServerLevel[world]'/minecraft:overworld
[23:05:31] [Server thread/INFO]: [ChunkHolderManager] Waiting 60s for chunk system to halt for world 'world'
[23:05:31] [Server thread/INFO]: [ChunkHolderManager] Halted chunk system for world 'world'
[23:05:31] [Server thread/INFO]: [ChunkHolderManager] Saving all chunkholders for world 'world'
[23:05:33] [Server thread/INFO]: [ChunkHolderManager] Saved 2162 block chunks, 746 entity chunks, 26 poi chunks in world 'world' in 2.11s
[23:05:33] [Server thread/INFO]: ThreadedAnvilChunkStorage (world): All chunks are saved
[23:05:33] [Server thread/INFO]: Saving chunks for level 'ServerLevel[world_nether]'/minecraft:the_nether
[23:05:33] [Server thread/INFO]: [ChunkHolderManager] Waiting 60s for chunk system to halt for world 'world_nether'
[23:05:33] [Server thread/INFO]: [ChunkHolderManager] Halted chunk system for world 'world_nether'
[23:05:33] [Server thread/INFO]: [ChunkHolderManager] Saving all chunkholders for world 'world_nether'
[23:05:34] [Server thread/INFO]: [ChunkHolderManager] Saved 529 block chunks, 529 entity chunks, 0 poi chunks in world 'world_nether' in 0.52s
[23:05:34] [Server thread/INFO]: ThreadedAnvilChunkStorage (DIM-1): All chunks are saved
[23:05:34] [Server thread/INFO]: Saving chunks for level 'ServerLevel[world_the_end]'/minecraft:the_end
[23:05:34] [Server thread/INFO]: [ChunkHolderManager] Waiting 60s for chunk system to halt for world 'world_the_end'
[23:05:34] [Server thread/INFO]: [ChunkHolderManager] Halted chunk system for world 'world_the_end'
[23:05:34] [Server thread/INFO]: [ChunkHolderManager] Saving all chunkholders for world 'world_the_end'
[23:05:34] [Server thread/INFO]: [ChunkHolderManager] Saved 529 block chunks, 529 entity chunks, 0 poi chunks in world 'world_the_end' in 0.10s
[23:05:34] [Server thread/INFO]: ThreadedAnvilChunkStorage (DIM1): All chunks are saved
[23:05:34] [Server thread/INFO]: ThreadedAnvilChunkStorage: All dimensions are saved
[23:05:34] [Server thread/INFO]: Flushing Chunk IO
[23:05:34] [Server thread/INFO]: Closing Thread Pool
[23:05:34] [Server thread/INFO]: Closing Server
